# JRE version: Java(TM) SE Runtime Environment (8.0_31-b13) (build 1.8.0_31-b13)
# Java VM: Java HotSpot(TM) 64-Bit Server VM (25.31-b07 mixed mode windows-amd64 compressed oops)
Heap:
 PSYoungGen      total 15360K, used 5727K [0x00000000eef00000, 0x00000000f0880000, 0x0000000100000000)
  eden space 13312K, 27% used [0x00000000eef00000,0x00000000ef29be38,0x00000000efc00000)
  from space 2048K, 99% used [0x00000000f0680000,0x00000000f087c090,0x00000000f0880000)
  to   space 2048K, 0% used [0x00000000efc00000,0x00000000efc00000,0x00000000efe00000)
 ParOldGen       total 59392K, used 12593K [0x00000000ccc00000, 0x00000000d0600000, 0x00000000eef00000)
  object space 59392K, 21% used [0x00000000ccc00000,0x00000000cd84c7e8,0x00000000d0600000)
 Metaspace       used 17927K, capacity 18172K, committed 18432K, reserved 1064960K
  class space    used 2216K, capacity 2272K, committed 2304K, reserved 1048576K
GC Heap History (10 events):
Event: 11.847 GC heap before
{Heap before GC invocations=1 (full 0):
 PSYoungGen      total 15360K, used 13312K [0x00000000eef00000, 0x00000000f0000000, 0x0000000100000000)
  eden space 13312K, 100% used [0x00000000eef00000,0x00000000efc00000,0x00000000efc00000)
  from space 2048K, 0% used [0x00000000efe00000,0x00000000efe00000,0x00000000f0000000)
  to   space 2048K, 0% used [0x00000000efc00000,0x00000000efc00000,0x00000000efe00000)
 ParOldGen       total 35840K, used 0K [0x00000000ccc00000, 0x00000000cef00000, 0x00000000eef00000)
  object space 35840K, 0% used [0x00000000ccc00000,0x00000000ccc00000,0x00000000cef00000)
 Metaspace       used 15125K, capacity 15350K, committed 15616K, reserved 1062912K
  class space    used 1906K, capacity 1977K, committed 2048K, reserved 1048576K
Event: 11.864 GC heap after
Heap after GC invocations=1 (full 0):
 PSYoungGen      total 15360K, used 2016K [0x00000000eef00000, 0x00000000f0000000, 0x0000000100000000)
  eden space 13312K, 0% used [0x00000000eef00000,0x00000000eef00000,0x00000000efc00000)
  from space 2048K, 98% used [0x00000000efc00000,0x00000000efdf8040,0x00000000efe00000)
  to   space 2048K, 0% used [0x00000000efe00000,0x00000000efe00000,0x00000000f0000000)
 ParOldGen       total 35840K, used 1935K [0x00000000ccc00000, 0x00000000cef00000, 0x00000000eef00000)
  object space 35840K, 5% used [0x00000000ccc00000,0x00000000ccde3e90,0x00000000cef00000)
 Metaspace       used 15125K, capacity 15350K, committed 15616K, reserved 1062912K
  class space    used 1906K, capacity 1977K, committed 2048K, reserved 1048576K
}
Event: 13.524 GC heap before
{Heap before GC invocations=2 (full 0):
 PSYoungGen      total 15360K, used 15328K [0x00000000eef00000, 0x00000000f0000000, 0x0000000100000000)
  eden space 13312K, 100% used [0x00000000eef00000,0x00000000efc00000,0x00000000efc00000)
  from space 2048K, 98% used [0x00000000efc00000,0x00000000efdf8040,0x00000000efe00000)
  to   space 2048K, 0% used [0x00000000efe00000,0x00000000efe00000,0x00000000f0000000)
 ParOldGen       total 35840K, used 1935K [0x00000000ccc00000, 0x00000000cef00000, 0x00000000eef00000)
  object space 35840K, 5% used [0x00000000ccc00000,0x00000000ccde3e90,0x00000000cef00000)
 Metaspace       used 16473K, capacity 16642K, committed 16768K, reserved 1064960K
  class space    used 2115K, capacity 2171K, committed 2176K, reserved 1048576K
Event: 13.559 GC heap after
Heap after GC invocations=2 (full 0):
 PSYoungGen      total 15360K, used 2029K [0x00000000eef00000, 0x00000000f0d00000, 0x0000000100000000)
  eden space 13312K, 0% used [0x00000000eef00000,0x00000000eef00000,0x00000000efc00000)
  from space 2048K, 99% used [0x00000000efe00000,0x00000000efffb7f8,0x00000000f0000000)
  to   space 2048K, 0% used [0x00000000efc00000,0x00000000efc00000,0x00000000efe00000)
 ParOldGen       total 35840K, used 25561K [0x00000000ccc00000, 0x00000000cef00000, 0x00000000eef00000)
  object space 35840K, 71% used [0x00000000ccc00000,0x00000000ce4f67b0,0x00000000cef00000)
 Metaspace       used 16473K, capacity 16642K, committed 16768K, reserved 1064960K
  class space    used 2115K, capacity 2171K, committed 2176K, reserved 1048576K
}
Event: 13.559 GC heap before
{Heap before GC invocations=3 (full 1):
 PSYoungGen      total 15360K, used 2029K [0x00000000eef00000, 0x00000000f0d00000, 0x0000000100000000)
  eden space 13312K, 0% used [0x00000000eef00000,0x00000000eef00000,0x00000000efc00000)
  from space 2048K, 99% used [0x00000000efe00000,0x00000000efffb7f8,0x00000000f0000000)
  to   space 2048K, 0% used [0x00000000efc00000,0x00000000efc00000,0x00000000efe00000)
 ParOldGen       total 35840K, used 25561K [0x00000000ccc00000, 0x00000000cef00000, 0x00000000eef00000)
  object space 35840K, 71% used [0x00000000ccc00000,0x00000000ce4f67b0,0x00000000cef00000)
 Metaspace       used 16473K, capacity 16642K, committed 16768K, reserved 1064960K
  class space    used 2115K, capacity 2171K, committed 2176K, reserved 1048576K
Event: 13.617 GC heap after
Heap after GC invocations=3 (full 1):
 PSYoungGen      total 15360K, used 0K [0x00000000eef00000, 0x00000000f0d00000, 0x0000000100000000)
  eden space 13312K, 0% used [0x00000000eef00000,0x00000000eef00000,0x00000000efc00000)
  from space 2048K, 0% used [0x00000000efe00000,0x00000000efe00000,0x00000000f0000000)
  to   space 2048K, 0% used [0x00000000efc00000,0x00000000efc00000,0x00000000efe00000)
 ParOldGen       total 59392K, used 12569K [0x00000000ccc00000, 0x00000000d0600000, 0x00000000eef00000)
  object space 59392K, 21% used [0x00000000ccc00000,0x00000000cd8467e8,0x00000000d0600000)
 Metaspace       used 16472K, capacity 16640K, committed 16768K, reserved 1064960K
  class space    used 2114K, capacity 2170K, committed 2176K, reserved 1048576K
}
Event: 18.139 GC heap before
{Heap before GC invocations=4 (full 1):
 PSYoungGen      total 15360K, used 13312K [0x00000000eef00000, 0x00000000f0d00000, 0x0000000100000000)
  eden space 13312K, 100% used [0x00000000eef00000,0x00000000efc00000,0x00000000efc00000)
  from space 2048K, 0% used [0x00000000efe00000,0x00000000efe00000,0x00000000f0000000)
  to   space 2048K, 0% used [0x00000000efc00000,0x00000000efc00000,0x00000000efe00000)
 ParOldGen       total 59392K, used 12569K [0x00000000ccc00000, 0x00000000d0600000, 0x00000000eef00000)
  object space 59392K, 21% used [0x00000000ccc00000,0x00000000cd8467e8,0x00000000d0600000)
 Metaspace       used 16653K, capacity 16832K, committed 17024K, reserved 1064960K
  class space    used 2119K, capacity 2170K, committed 2176K, reserved 1048576K
Event: 18.146 GC heap after
Heap after GC invocations=4 (full 1):
 PSYoungGen      total 15360K, used 1216K [0x00000000eef00000, 0x00000000f0880000, 0x0000000100000000)
  eden space 13312K, 0% used [0x00000000eef00000,0x00000000eef00000,0x00000000efc00000)
  from space 2048K, 59% used [0x00000000efc00000,0x00000000efd30000,0x00000000efe00000)
  to   space 2048K, 0% used [0x00000000f0680000,0x00000000f0680000,0x00000000f0880000)
 ParOldGen       total 59392K, used 12577K [0x00000000ccc00000, 0x00000000d0600000, 0x00000000eef00000)
  object space 59392K, 21% used [0x00000000ccc00000,0x00000000cd8487e8,0x00000000d0600000)
 Metaspace       used 16653K, capacity 16832K, committed 17024K, reserved 1064960K
  class space    used 2119K, capacity 2170K, committed 2176K, reserved 1048576K
}
Event: 379.154 GC heap before
{Heap before GC invocations=5 (full 1):
 PSYoungGen      total 15360K, used 14528K [0x00000000eef00000, 0x00000000f0880000, 0x0000000100000000)
  eden space 13312K, 100% used [0x00000000eef00000,0x00000000efc00000,0x00000000efc00000)
  from space 2048K, 59% used [0x00000000efc00000,0x00000000efd30000,0x00000000efe00000)
  to   space 2048K, 0% used [0x00000000f0680000,0x00000000f0680000,0x00000000f0880000)
 ParOldGen       total 59392K, used 12577K [0x00000000ccc00000, 0x00000000d0600000, 0x00000000eef00000)
  object space 59392K, 21% used [0x00000000ccc00000,0x00000000cd8487e8,0x00000000d0600000)
 Metaspace       used 17569K, capacity 17816K, committed 18176K, reserved 1064960K
  class space    used 2170K, capacity 2238K, committed 2304K, reserved 1048576K
Event: 379.170 GC heap after
Heap after GC invocations=5 (full 1):
 PSYoungGen      total 15360K, used 2032K [0x00000000eef00000, 0x00000000f0880000, 0x0000000100000000)
  eden space 13312K, 0% used [0x00000000eef00000,0x00000000eef00000,0x00000000efc00000)
  from space 2048K, 99% used [0x00000000f0680000,0x00000000f087c090,0x00000000f0880000)
  to   space 2048K, 0% used [0x00000000efc00000,0x00000000efc00000,0x00000000efe00000)
 ParOldGen       total 59392K, used 12593K [0x00000000ccc00000, 0x00000000d0600000, 0x00000000eef00000)
  object space 59392K, 21% used [0x00000000ccc00000,0x00000000cd84c7e8,0x00000000d0600000)
 Metaspace       used 17569K, capacity 17816K, committed 18176K, reserved 1064960K
  class space    used 2170K, capacity 2238K, committed 2304K, reserved 1048576K
}

